2024/03/16 15:51:30 [error] [exception.CHttpException.404] CHttpException: Unable to resolve the request "create_product". in C:\xampp\htdocs\learn-yii_framework_1.1\framework\web\CWebApplication.php:286
Stack trace:
#0 C:\xampp\htdocs\learn-yii_framework_1.1\framework\web\CWebApplication.php(141): CWebApplication->runController('create_product')
#1 C:\xampp\htdocs\learn-yii_framework_1.1\framework\base\CApplication.php(185): CWebApplication->processRequest()
#2 C:\xampp\htdocs\learn-yii_framework_1.1\index.php(13): CApplication->run()
#3 {main}
REQUEST_URI=/learn-yii_framework_1.1/index.php/create_product
---
2024/03/16 15:51:42 [error] [exception.CHttpException.404] CHttpException: Unable to resolve the request "createproduct". in C:\xampp\htdocs\learn-yii_framework_1.1\framework\web\CWebApplication.php:286
Stack trace:
#0 C:\xampp\htdocs\learn-yii_framework_1.1\framework\web\CWebApplication.php(141): CWebApplication->runController('createproduct')
#1 C:\xampp\htdocs\learn-yii_framework_1.1\framework\base\CApplication.php(185): CWebApplication->processRequest()
#2 C:\xampp\htdocs\learn-yii_framework_1.1\index.php(13): CApplication->run()
#3 {main}
REQUEST_URI=/learn-yii_framework_1.1/index.php/createproduct
---
2024/03/16 16:02:49 [error] [exception.CException] CException: Property "CHttpRequest.getPost" is not defined. in C:\xampp\htdocs\learn-yii_framework_1.1\framework\base\CComponent.php:130
Stack trace:
#0 C:\xampp\htdocs\learn-yii_framework_1.1\protected\controllers\ProductController.php(15): CComponent->__get('getPost')
#1 C:\xampp\htdocs\learn-yii_framework_1.1\framework\web\actions\CInlineAction.php(49): ProductController->actionCreateProduct()
#2 C:\xampp\htdocs\learn-yii_framework_1.1\framework\web\CController.php(308): CInlineAction->runWithParams(Array)
#3 C:\xampp\htdocs\learn-yii_framework_1.1\framework\web\CController.php(286): CController->runAction(Object(CInlineAction))
#4 C:\xampp\htdocs\learn-yii_framework_1.1\framework\web\CController.php(265): CController->runActionWithFilters(Object(CInlineAction), Array)
#5 C:\xampp\htdocs\learn-yii_framework_1.1\framework\web\CWebApplication.php(282): CController->run('createproduct')
#6 C:\xampp\htdocs\learn-yii_framework_1.1\framework\web\CWebApplication.php(141): CWebApplication->runController('product/createp...')
#7 C:\xampp\htdocs\learn-yii_framework_1.1\framework\base\CApplication.php(185): CWebApplication->processRequest()
#8 C:\xampp\htdocs\learn-yii_framework_1.1\index.php(13): CApplication->run()
#9 {main}
REQUEST_URI=/learn-yii_framework_1.1/index.php/product/createproduct?name=product%204&price=3000&qty=10&description=desc%204&category_id=1
---
2024/03/16 16:03:39 [error] [php] Undefined index: name (C:\xampp\htdocs\learn-yii_framework_1.1\protected\controllers\ProductController.php:15)
Stack trace:
#0 C:\xampp\htdocs\learn-yii_framework_1.1\framework\web\actions\CInlineAction.php(49): ProductController->actionCreateProduct()
#1 C:\xampp\htdocs\learn-yii_framework_1.1\framework\web\CController.php(308): CInlineAction->runWithParams()
#2 C:\xampp\htdocs\learn-yii_framework_1.1\framework\web\CController.php(286): ProductController->runAction()
#3 C:\xampp\htdocs\learn-yii_framework_1.1\framework\web\CController.php(265): ProductController->runActionWithFilters()
#4 C:\xampp\htdocs\learn-yii_framework_1.1\framework\web\CWebApplication.php(282): ProductController->run()
#5 C:\xampp\htdocs\learn-yii_framework_1.1\framework\web\CWebApplication.php(141): CWebApplication->runController()
#6 C:\xampp\htdocs\learn-yii_framework_1.1\framework\base\CApplication.php(185): CWebApplication->processRequest()
#7 C:\xampp\htdocs\learn-yii_framework_1.1\index.php(13): CWebApplication->run()
REQUEST_URI=/learn-yii_framework_1.1/index.php/product/createproduct?name=product%204&price=3000&qty=10&description=desc%204&category_id=1
in C:\xampp\htdocs\learn-yii_framework_1.1\protected\controllers\ProductController.php (15)
in C:\xampp\htdocs\learn-yii_framework_1.1\index.php (13)
2024/03/16 16:04:00 [error] [php] Undefined index: name (C:\xampp\htdocs\learn-yii_framework_1.1\protected\controllers\ProductController.php:15)
Stack trace:
#0 C:\xampp\htdocs\learn-yii_framework_1.1\framework\web\actions\CInlineAction.php(49): ProductController->actionCreateProduct()
#1 C:\xampp\htdocs\learn-yii_framework_1.1\framework\web\CController.php(308): CInlineAction->runWithParams()
#2 C:\xampp\htdocs\learn-yii_framework_1.1\framework\web\CController.php(286): ProductController->runAction()
#3 C:\xampp\htdocs\learn-yii_framework_1.1\framework\web\CController.php(265): ProductController->runActionWithFilters()
#4 C:\xampp\htdocs\learn-yii_framework_1.1\framework\web\CWebApplication.php(282): ProductController->run()
#5 C:\xampp\htdocs\learn-yii_framework_1.1\framework\web\CWebApplication.php(141): CWebApplication->runController()
#6 C:\xampp\htdocs\learn-yii_framework_1.1\framework\base\CApplication.php(185): CWebApplication->processRequest()
#7 C:\xampp\htdocs\learn-yii_framework_1.1\index.php(13): CWebApplication->run()
REQUEST_URI=/learn-yii_framework_1.1/index.php/product/createproduct?name=product%204&price=3000&qty=10&description=desc%204&category_id=1
in C:\xampp\htdocs\learn-yii_framework_1.1\protected\controllers\ProductController.php (15)
in C:\xampp\htdocs\learn-yii_framework_1.1\index.php (13)
2024/03/16 16:05:41 [error] [php] Array to string conversion (C:\xampp\htdocs\learn-yii_framework_1.1\protected\controllers\ProductController.php:15)
Stack trace:
#0 C:\xampp\htdocs\learn-yii_framework_1.1\framework\web\actions\CInlineAction.php(49): ProductController->actionCreateProduct()
#1 C:\xampp\htdocs\learn-yii_framework_1.1\framework\web\CController.php(308): CInlineAction->runWithParams()
#2 C:\xampp\htdocs\learn-yii_framework_1.1\framework\web\CController.php(286): ProductController->runAction()
#3 C:\xampp\htdocs\learn-yii_framework_1.1\framework\web\CController.php(265): ProductController->runActionWithFilters()
#4 C:\xampp\htdocs\learn-yii_framework_1.1\framework\web\CWebApplication.php(282): ProductController->run()
#5 C:\xampp\htdocs\learn-yii_framework_1.1\framework\web\CWebApplication.php(141): CWebApplication->runController()
#6 C:\xampp\htdocs\learn-yii_framework_1.1\framework\base\CApplication.php(185): CWebApplication->processRequest()
#7 C:\xampp\htdocs\learn-yii_framework_1.1\index.php(13): CWebApplication->run()
REQUEST_URI=/learn-yii_framework_1.1/index.php/product/createproduct?name=product%204&price=3000&qty=10&description=desc%204&category_id=1
in C:\xampp\htdocs\learn-yii_framework_1.1\protected\controllers\ProductController.php (15)
in C:\xampp\htdocs\learn-yii_framework_1.1\index.php (13)
2024/03/16 16:06:41 [error] [exception.CException] CException: ProductController and its behaviors do not have a method or closure named "request". in C:\xampp\htdocs\learn-yii_framework_1.1\framework\base\CComponent.php:264
Stack trace:
#0 C:\xampp\htdocs\learn-yii_framework_1.1\protected\controllers\ProductController.php(15): CComponent->__call('request', Array)
#1 C:\xampp\htdocs\learn-yii_framework_1.1\framework\web\actions\CInlineAction.php(49): ProductController->actionCreateProduct()
#2 C:\xampp\htdocs\learn-yii_framework_1.1\framework\web\CController.php(308): CInlineAction->runWithParams(Array)
#3 C:\xampp\htdocs\learn-yii_framework_1.1\framework\web\CController.php(286): CController->runAction(Object(CInlineAction))
#4 C:\xampp\htdocs\learn-yii_framework_1.1\framework\web\CController.php(265): CController->runActionWithFilters(Object(CInlineAction), Array)
#5 C:\xampp\htdocs\learn-yii_framework_1.1\framework\web\CWebApplication.php(282): CController->run('createproduct')
#6 C:\xampp\htdocs\learn-yii_framework_1.1\framework\web\CWebApplication.php(141): CWebApplication->runController('product/createp...')
#7 C:\xampp\htdocs\learn-yii_framework_1.1\framework\base\CApplication.php(185): CWebApplication->processRequest()
#8 C:\xampp\htdocs\learn-yii_framework_1.1\index.php(13): CApplication->run()
#9 {main}
REQUEST_URI=/learn-yii_framework_1.1/index.php/product/createproduct?name=product%204&price=3000&qty=10&description=desc%204&category_id=1
---
2024/03/16 16:07:30 [error] [exception.CException] CException: ProductController and its behaviors do not have a method or closure named "request". in C:\xampp\htdocs\learn-yii_framework_1.1\framework\base\CComponent.php:264
Stack trace:
#0 C:\xampp\htdocs\learn-yii_framework_1.1\protected\controllers\ProductController.php(15): CComponent->__call('request', Array)
#1 C:\xampp\htdocs\learn-yii_framework_1.1\framework\web\actions\CInlineAction.php(49): ProductController->actionCreateProduct()
#2 C:\xampp\htdocs\learn-yii_framework_1.1\framework\web\CController.php(308): CInlineAction->runWithParams(Array)
#3 C:\xampp\htdocs\learn-yii_framework_1.1\framework\web\CController.php(286): CController->runAction(Object(CInlineAction))
#4 C:\xampp\htdocs\learn-yii_framework_1.1\framework\web\CController.php(265): CController->runActionWithFilters(Object(CInlineAction), Array)
#5 C:\xampp\htdocs\learn-yii_framework_1.1\framework\web\CWebApplication.php(282): CController->run('createproduct')
#6 C:\xampp\htdocs\learn-yii_framework_1.1\framework\web\CWebApplication.php(141): CWebApplication->runController('product/createp...')
#7 C:\xampp\htdocs\learn-yii_framework_1.1\framework\base\CApplication.php(185): CWebApplication->processRequest()
#8 C:\xampp\htdocs\learn-yii_framework_1.1\index.php(13): CApplication->run()
#9 {main}
REQUEST_URI=/learn-yii_framework_1.1/index.php/product/createproduct?name=product%204&price=3000&qty=10&description=desc%204&category_id=1
---
2024/03/16 16:08:26 [error] [exception.CException] CException: Property "CHttpRequest._requestUri" is not defined. in C:\xampp\htdocs\learn-yii_framework_1.1\framework\base\CComponent.php:130
Stack trace:
#0 C:\xampp\htdocs\learn-yii_framework_1.1\protected\controllers\ProductController.php(16): CComponent->__get('_requestUri')
#1 C:\xampp\htdocs\learn-yii_framework_1.1\framework\web\actions\CInlineAction.php(49): ProductController->actionCreateProduct()
#2 C:\xampp\htdocs\learn-yii_framework_1.1\framework\web\CController.php(308): CInlineAction->runWithParams(Array)
#3 C:\xampp\htdocs\learn-yii_framework_1.1\framework\web\CController.php(286): CController->runAction(Object(CInlineAction))
#4 C:\xampp\htdocs\learn-yii_framework_1.1\framework\web\CController.php(265): CController->runActionWithFilters(Object(CInlineAction), Array)
#5 C:\xampp\htdocs\learn-yii_framework_1.1\framework\web\CWebApplication.php(282): CController->run('createproduct')
#6 C:\xampp\htdocs\learn-yii_framework_1.1\framework\web\CWebApplication.php(141): CWebApplication->runController('product/createp...')
#7 C:\xampp\htdocs\learn-yii_framework_1.1\framework\base\CApplication.php(185): CWebApplication->processRequest()
#8 C:\xampp\htdocs\learn-yii_framework_1.1\index.php(13): CApplication->run()
#9 {main}
REQUEST_URI=/learn-yii_framework_1.1/index.php/product/createproduct?name=product%204&price=3000&qty=10&description=desc%204&category_id=1
---
2024/03/16 16:25:04 [error] [exception.CException] CException: CHttpRequest and its behaviors do not have a method or closure named "getParams". in C:\xampp\htdocs\learn-yii_framework_1.1\framework\base\CComponent.php:264
Stack trace:
#0 C:\xampp\htdocs\learn-yii_framework_1.1\protected\controllers\ProductController.php(22): CComponent->__call('getParams', Array)
#1 C:\xampp\htdocs\learn-yii_framework_1.1\framework\web\actions\CInlineAction.php(49): ProductController->actionCreateProduct()
#2 C:\xampp\htdocs\learn-yii_framework_1.1\framework\web\CController.php(308): CInlineAction->runWithParams(Array)
#3 C:\xampp\htdocs\learn-yii_framework_1.1\framework\web\CController.php(286): CController->runAction(Object(CInlineAction))
#4 C:\xampp\htdocs\learn-yii_framework_1.1\framework\web\CController.php(265): CController->runActionWithFilters(Object(CInlineAction), Array)
#5 C:\xampp\htdocs\learn-yii_framework_1.1\framework\web\CWebApplication.php(282): CController->run('createproduct')
#6 C:\xampp\htdocs\learn-yii_framework_1.1\framework\web\CWebApplication.php(141): CWebApplication->runController('product/createp...')
#7 C:\xampp\htdocs\learn-yii_framework_1.1\framework\base\CApplication.php(185): CWebApplication->processRequest()
#8 C:\xampp\htdocs\learn-yii_framework_1.1\index.php(13): CApplication->run()
#9 {main}
REQUEST_URI=/learn-yii_framework_1.1/index.php/product/createproduct?name=product%204&price=3000&qty=10&description=desc%204
---
2024/03/16 16:25:18 [error] [exception.CException] CException: CHttpRequest and its behaviors do not have a method or closure named "getParams". in C:\xampp\htdocs\learn-yii_framework_1.1\framework\base\CComponent.php:264
Stack trace:
#0 C:\xampp\htdocs\learn-yii_framework_1.1\protected\controllers\ProductController.php(22): CComponent->__call('getParams', Array)
#1 C:\xampp\htdocs\learn-yii_framework_1.1\framework\web\actions\CInlineAction.php(49): ProductController->actionCreateProduct()
#2 C:\xampp\htdocs\learn-yii_framework_1.1\framework\web\CController.php(308): CInlineAction->runWithParams(Array)
#3 C:\xampp\htdocs\learn-yii_framework_1.1\framework\web\CController.php(286): CController->runAction(Object(CInlineAction))
#4 C:\xampp\htdocs\learn-yii_framework_1.1\framework\web\CController.php(265): CController->runActionWithFilters(Object(CInlineAction), Array)
#5 C:\xampp\htdocs\learn-yii_framework_1.1\framework\web\CWebApplication.php(282): CController->run('createproduct')
#6 C:\xampp\htdocs\learn-yii_framework_1.1\framework\web\CWebApplication.php(141): CWebApplication->runController('product/createp...')
#7 C:\xampp\htdocs\learn-yii_framework_1.1\framework\base\CApplication.php(185): CWebApplication->processRequest()
#8 C:\xampp\htdocs\learn-yii_framework_1.1\index.php(13): CApplication->run()
#9 {main}
REQUEST_URI=/learn-yii_framework_1.1/index.php/product/createproduct?name=product%204&price=3000&qty=10&description=desc%204&category_id=1
---
2024/03/16 16:31:30 [error] [exception.CHttpException.404] CHttpException: Sản phẩm không tồn tại in C:\xampp\htdocs\learn-yii_framework_1.1\protected\controllers\ProductController.php:56
Stack trace:
#0 [internal function]: ProductController->actionDeleteProduct('')
#1 C:\xampp\htdocs\learn-yii_framework_1.1\framework\web\actions\CAction.php(114): ReflectionMethod->invokeArgs(Object(ProductController), Array)
#2 C:\xampp\htdocs\learn-yii_framework_1.1\framework\web\actions\CInlineAction.php(47): CAction->runWithParamsInternal(Object(ProductController), Object(ReflectionMethod), Array)
#3 C:\xampp\htdocs\learn-yii_framework_1.1\framework\web\CController.php(308): CInlineAction->runWithParams(Array)
#4 C:\xampp\htdocs\learn-yii_framework_1.1\framework\web\CController.php(286): CController->runAction(Object(CInlineAction))
#5 C:\xampp\htdocs\learn-yii_framework_1.1\framework\web\CController.php(265): CController->runActionWithFilters(Object(CInlineAction), Array)
#6 C:\xampp\htdocs\learn-yii_framework_1.1\framework\web\CWebApplication.php(282): CController->run('deleteproduct')
#7 C:\xampp\htdocs\learn-yii_framework_1.1\framework\web\CWebApplication.php(141): CWebApplication->runController('product/deletep...')
#8 C:\xampp\htdocs\learn-yii_framework_1.1\framework\base\CApplication.php(185): CWebApplication->processRequest()
#9 C:\xampp\htdocs\learn-yii_framework_1.1\index.php(13): CApplication->run()
#10 {main}
REQUEST_URI=/learn-yii_framework_1.1/index.php/product/deleteproduct?id
---
2024/03/16 16:38:48 [error] [exception.CException] CException: CHttpRequest and its behaviors do not have a method or closure named "isDeleteRequest". in C:\xampp\htdocs\learn-yii_framework_1.1\framework\base\CComponent.php:264
Stack trace:
#0 C:\xampp\htdocs\learn-yii_framework_1.1\protected\controllers\ProductController.php(48): CComponent->__call('isDeleteRequest', Array)
#1 [internal function]: ProductController->actionDeleteProduct('3')
#2 C:\xampp\htdocs\learn-yii_framework_1.1\framework\web\actions\CAction.php(114): ReflectionMethod->invokeArgs(Object(ProductController), Array)
#3 C:\xampp\htdocs\learn-yii_framework_1.1\framework\web\actions\CInlineAction.php(47): CAction->runWithParamsInternal(Object(ProductController), Object(ReflectionMethod), Array)
#4 C:\xampp\htdocs\learn-yii_framework_1.1\framework\web\CController.php(308): CInlineAction->runWithParams(Array)
#5 C:\xampp\htdocs\learn-yii_framework_1.1\framework\web\CController.php(286): CController->runAction(Object(CInlineAction))
#6 C:\xampp\htdocs\learn-yii_framework_1.1\framework\web\CController.php(265): CController->runActionWithFilters(Object(CInlineAction), Array)
#7 C:\xampp\htdocs\learn-yii_framework_1.1\framework\web\CWebApplication.php(282): CController->run('deleteproduct')
#8 C:\xampp\htdocs\learn-yii_framework_1.1\framework\web\CWebApplication.php(141): CWebApplication->runController('product/deletep...')
#9 C:\xampp\htdocs\learn-yii_framework_1.1\framework\base\CApplication.php(185): CWebApplication->processRequest()
#10 C:\xampp\htdocs\learn-yii_framework_1.1\index.php(13): CApplication->run()
#11 {main}
REQUEST_URI=/learn-yii_framework_1.1/index.php/product/deleteproduct?id=3
---
2024/03/16 16:40:01 [error] [exception.CHttpException.400] CHttpException: Yêu cầu không hợp lệ in C:\xampp\htdocs\learn-yii_framework_1.1\protected\controllers\ProductController.php:49
Stack trace:
#0 [internal function]: ProductController->actionDeleteProduct('3')
#1 C:\xampp\htdocs\learn-yii_framework_1.1\framework\web\actions\CAction.php(114): ReflectionMethod->invokeArgs(Object(ProductController), Array)
#2 C:\xampp\htdocs\learn-yii_framework_1.1\framework\web\actions\CInlineAction.php(47): CAction->runWithParamsInternal(Object(ProductController), Object(ReflectionMethod), Array)
#3 C:\xampp\htdocs\learn-yii_framework_1.1\framework\web\CController.php(308): CInlineAction->runWithParams(Array)
#4 C:\xampp\htdocs\learn-yii_framework_1.1\framework\web\CController.php(286): CController->runAction(Object(CInlineAction))
#5 C:\xampp\htdocs\learn-yii_framework_1.1\framework\web\CController.php(265): CController->runActionWithFilters(Object(CInlineAction), Array)
#6 C:\xampp\htdocs\learn-yii_framework_1.1\framework\web\CWebApplication.php(282): CController->run('deleteproduct')
#7 C:\xampp\htdocs\learn-yii_framework_1.1\framework\web\CWebApplication.php(141): CWebApplication->runController('product/deletep...')
#8 C:\xampp\htdocs\learn-yii_framework_1.1\framework\base\CApplication.php(185): CWebApplication->processRequest()
#9 C:\xampp\htdocs\learn-yii_framework_1.1\index.php(13): CApplication->run()
#10 {main}
REQUEST_URI=/learn-yii_framework_1.1/index.php/product/deleteproduct?id=3
---
2024/03/16 16:40:16 [error] [exception.CHttpException.400] CHttpException: Yêu cầu không hợp lệ in C:\xampp\htdocs\learn-yii_framework_1.1\protected\controllers\ProductController.php:49
Stack trace:
#0 [internal function]: ProductController->actionDeleteProduct('3')
#1 C:\xampp\htdocs\learn-yii_framework_1.1\framework\web\actions\CAction.php(114): ReflectionMethod->invokeArgs(Object(ProductController), Array)
#2 C:\xampp\htdocs\learn-yii_framework_1.1\framework\web\actions\CInlineAction.php(47): CAction->runWithParamsInternal(Object(ProductController), Object(ReflectionMethod), Array)
#3 C:\xampp\htdocs\learn-yii_framework_1.1\framework\web\CController.php(308): CInlineAction->runWithParams(Array)
#4 C:\xampp\htdocs\learn-yii_framework_1.1\framework\web\CController.php(286): CController->runAction(Object(CInlineAction))
#5 C:\xampp\htdocs\learn-yii_framework_1.1\framework\web\CController.php(265): CController->runActionWithFilters(Object(CInlineAction), Array)
#6 C:\xampp\htdocs\learn-yii_framework_1.1\framework\web\CWebApplication.php(282): CController->run('deleteproduct')
#7 C:\xampp\htdocs\learn-yii_framework_1.1\framework\web\CWebApplication.php(141): CWebApplication->runController('product/deletep...')
#8 C:\xampp\htdocs\learn-yii_framework_1.1\framework\base\CApplication.php(185): CWebApplication->processRequest()
#9 C:\xampp\htdocs\learn-yii_framework_1.1\index.php(13): CApplication->run()
#10 {main}
REQUEST_URI=/learn-yii_framework_1.1/index.php/product/deleteproduct?id=3
---
2024/03/16 16:40:55 [error] [exception.CHttpException.400] CHttpException: Yêu cầu không hợp lệ in C:\xampp\htdocs\learn-yii_framework_1.1\protected\controllers\ProductController.php:49
Stack trace:
#0 [internal function]: ProductController->actionDeleteProduct('3')
#1 C:\xampp\htdocs\learn-yii_framework_1.1\framework\web\actions\CAction.php(114): ReflectionMethod->invokeArgs(Object(ProductController), Array)
#2 C:\xampp\htdocs\learn-yii_framework_1.1\framework\web\actions\CInlineAction.php(47): CAction->runWithParamsInternal(Object(ProductController), Object(ReflectionMethod), Array)
#3 C:\xampp\htdocs\learn-yii_framework_1.1\framework\web\CController.php(308): CInlineAction->runWithParams(Array)
#4 C:\xampp\htdocs\learn-yii_framework_1.1\framework\web\CController.php(286): CController->runAction(Object(CInlineAction))
#5 C:\xampp\htdocs\learn-yii_framework_1.1\framework\web\CController.php(265): CController->runActionWithFilters(Object(CInlineAction), Array)
#6 C:\xampp\htdocs\learn-yii_framework_1.1\framework\web\CWebApplication.php(282): CController->run('deleteproduct')
#7 C:\xampp\htdocs\learn-yii_framework_1.1\framework\web\CWebApplication.php(141): CWebApplication->runController('product/deletep...')
#8 C:\xampp\htdocs\learn-yii_framework_1.1\framework\base\CApplication.php(185): CWebApplication->processRequest()
#9 C:\xampp\htdocs\learn-yii_framework_1.1\index.php(13): CApplication->run()
#10 {main}
REQUEST_URI=/learn-yii_framework_1.1/index.php/product/deleteproduct?id=3
---
2024/03/16 16:44:05 [error] [exception.CHttpException.400] CHttpException: Yêu cầu không hợp lệ in C:\xampp\htdocs\learn-yii_framework_1.1\protected\controllers\ProductController.php:10
Stack trace:
#0 C:\xampp\htdocs\learn-yii_framework_1.1\framework\web\actions\CInlineAction.php(49): ProductController->actionIndex()
#1 C:\xampp\htdocs\learn-yii_framework_1.1\framework\web\CController.php(308): CInlineAction->runWithParams(Array)
#2 C:\xampp\htdocs\learn-yii_framework_1.1\framework\web\CController.php(286): CController->runAction(Object(CInlineAction))
#3 C:\xampp\htdocs\learn-yii_framework_1.1\framework\web\CController.php(265): CController->runActionWithFilters(Object(CInlineAction), Array)
#4 C:\xampp\htdocs\learn-yii_framework_1.1\framework\web\CWebApplication.php(282): CController->run('')
#5 C:\xampp\htdocs\learn-yii_framework_1.1\framework\web\CWebApplication.php(141): CWebApplication->runController('product')
#6 C:\xampp\htdocs\learn-yii_framework_1.1\framework\base\CApplication.php(185): CWebApplication->processRequest()
#7 C:\xampp\htdocs\learn-yii_framework_1.1\index.php(13): CApplication->run()
#8 {main}
REQUEST_URI=/learn-yii_framework_1.1/index.php/product/
---
2024/03/16 16:44:49 [error] [exception.CHttpException.400] CHttpException: Yêu cầu không hợp lệ in C:\xampp\htdocs\learn-yii_framework_1.1\protected\controllers\ProductController.php:26
Stack trace:
#0 C:\xampp\htdocs\learn-yii_framework_1.1\framework\web\actions\CInlineAction.php(49): ProductController->actionCreateProduct()
#1 C:\xampp\htdocs\learn-yii_framework_1.1\framework\web\CController.php(308): CInlineAction->runWithParams(Array)
#2 C:\xampp\htdocs\learn-yii_framework_1.1\framework\web\CController.php(286): CController->runAction(Object(CInlineAction))
#3 C:\xampp\htdocs\learn-yii_framework_1.1\framework\web\CController.php(265): CController->runActionWithFilters(Object(CInlineAction), Array)
#4 C:\xampp\htdocs\learn-yii_framework_1.1\framework\web\CWebApplication.php(282): CController->run('createproduct')
#5 C:\xampp\htdocs\learn-yii_framework_1.1\framework\web\CWebApplication.php(141): CWebApplication->runController('product/createp...')
#6 C:\xampp\htdocs\learn-yii_framework_1.1\framework\base\CApplication.php(185): CWebApplication->processRequest()
#7 C:\xampp\htdocs\learn-yii_framework_1.1\index.php(13): CApplication->run()
#8 {main}
REQUEST_URI=/learn-yii_framework_1.1/index.php/product/createproduct?name=product%204&price=3000&qty=10&description=desc%204&category_id=1
---
2024/03/16 16:50:03 [error] [system.db.CDbCommand] CDbCommand::fetchAll() failed: SQLSTATE[42S22]: Column not found: 1054 Unknown column 'category.id' in 'on clause'. The SQL statement executed was: SELECT * FROM products inner join categories
                                on products.category_id = category.id.
in C:\xampp\htdocs\learn-yii_framework_1.1\protected\controllers\ProductController.php (14)
in C:\xampp\htdocs\learn-yii_framework_1.1\index.php (13)
2024/03/16 16:50:03 [error] [exception.CDbException] CDbException: CDbCommand failed to execute the SQL statement: SQLSTATE[42S22]: Column not found: 1054 Unknown column 'category.id' in 'on clause'. The SQL statement executed was: SELECT * FROM products inner join categories
                                on products.category_id = category.id in C:\xampp\htdocs\learn-yii_framework_1.1\framework\db\CDbCommand.php:543
Stack trace:
#0 C:\xampp\htdocs\learn-yii_framework_1.1\framework\db\CDbCommand.php(396): CDbCommand->queryInternal('fetchAll', Array, Array)
#1 C:\xampp\htdocs\learn-yii_framework_1.1\protected\controllers\ProductController.php(14): CDbCommand->queryAll()
#2 C:\xampp\htdocs\learn-yii_framework_1.1\framework\web\actions\CInlineAction.php(49): ProductController->actionIndex()
#3 C:\xampp\htdocs\learn-yii_framework_1.1\framework\web\CController.php(308): CInlineAction->runWithParams(Array)
#4 C:\xampp\htdocs\learn-yii_framework_1.1\framework\web\CController.php(286): CController->runAction(Object(CInlineAction))
#5 C:\xampp\htdocs\learn-yii_framework_1.1\framework\web\CController.php(265): CController->runActionWithFilters(Object(CInlineAction), Array)
#6 C:\xampp\htdocs\learn-yii_framework_1.1\framework\web\CWebApplication.php(282): CController->run('')
#7 C:\xampp\htdocs\learn-yii_framework_1.1\framework\web\CWebApplication.php(141): CWebApplication->runController('product')
#8 C:\xampp\htdocs\learn-yii_framework_1.1\framework\base\CApplication.php(185): CWebApplication->processRequest()
#9 C:\xampp\htdocs\learn-yii_framework_1.1\index.php(13): CApplication->run()
#10 {main}
REQUEST_URI=/learn-yii_framework_1.1/index.php/product/
---
2024/03/16 16:51:45 [error] [system.db.CDbCommand] CDbCommand::fetchAll() failed: SQLSTATE[42S22]: Column not found: 1054 Unknown column 'product.qty' in 'field list'. The SQL statement executed was: SELECT products.id,
                       products.name,
                       products.price,
                       product.qty,
                       product.description,
                       categories.name
                     FROM products inner join categories
                     on products.category_id = categories.id.
in C:\xampp\htdocs\learn-yii_framework_1.1\protected\controllers\ProductController.php (20)
in C:\xampp\htdocs\learn-yii_framework_1.1\index.php (13)
2024/03/16 16:51:45 [error] [exception.CDbException] CDbException: CDbCommand failed to execute the SQL statement: SQLSTATE[42S22]: Column not found: 1054 Unknown column 'product.qty' in 'field list'. The SQL statement executed was: SELECT products.id,
                       products.name,
                       products.price,
                       product.qty,
                       product.description,
                       categories.name
                     FROM products inner join categories
                     on products.category_id = categories.id in C:\xampp\htdocs\learn-yii_framework_1.1\framework\db\CDbCommand.php:543
Stack trace:
#0 C:\xampp\htdocs\learn-yii_framework_1.1\framework\db\CDbCommand.php(396): CDbCommand->queryInternal('fetchAll', Array, Array)
#1 C:\xampp\htdocs\learn-yii_framework_1.1\protected\controllers\ProductController.php(20): CDbCommand->queryAll()
#2 C:\xampp\htdocs\learn-yii_framework_1.1\framework\web\actions\CInlineAction.php(49): ProductController->actionIndex()
#3 C:\xampp\htdocs\learn-yii_framework_1.1\framework\web\CController.php(308): CInlineAction->runWithParams(Array)
#4 C:\xampp\htdocs\learn-yii_framework_1.1\framework\web\CController.php(286): CController->runAction(Object(CInlineAction))
#5 C:\xampp\htdocs\learn-yii_framework_1.1\framework\web\CController.php(265): CController->runActionWithFilters(Object(CInlineAction), Array)
#6 C:\xampp\htdocs\learn-yii_framework_1.1\framework\web\CWebApplication.php(282): CController->run('')
#7 C:\xampp\htdocs\learn-yii_framework_1.1\framework\web\CWebApplication.php(141): CWebApplication->runController('product')
#8 C:\xampp\htdocs\learn-yii_framework_1.1\framework\base\CApplication.php(185): CWebApplication->processRequest()
#9 C:\xampp\htdocs\learn-yii_framework_1.1\index.php(13): CApplication->run()
#10 {main}
REQUEST_URI=/learn-yii_framework_1.1/index.php/product/
---
2024/03/16 16:53:14 [error] [system.db.CDbCommand] CDbCommand::fetchAll() failed: SQLSTATE[42S22]: Column not found: 1054 Unknown column 'categories' in 'field list'. The SQL statement executed was: SELECT products.id,
                       products.name,
                       products.price,
                       products.qty,
                       products.description,
                       categories
                     FROM products inner join categories
                     on products.category_id = categories.id.
in C:\xampp\htdocs\learn-yii_framework_1.1\protected\controllers\ProductController.php (20)
in C:\xampp\htdocs\learn-yii_framework_1.1\index.php (13)
2024/03/16 16:53:14 [error] [exception.CDbException] CDbException: CDbCommand failed to execute the SQL statement: SQLSTATE[42S22]: Column not found: 1054 Unknown column 'categories' in 'field list'. The SQL statement executed was: SELECT products.id,
                       products.name,
                       products.price,
                       products.qty,
                       products.description,
                       categories
                     FROM products inner join categories
                     on products.category_id = categories.id in C:\xampp\htdocs\learn-yii_framework_1.1\framework\db\CDbCommand.php:543
Stack trace:
#0 C:\xampp\htdocs\learn-yii_framework_1.1\framework\db\CDbCommand.php(396): CDbCommand->queryInternal('fetchAll', Array, Array)
#1 C:\xampp\htdocs\learn-yii_framework_1.1\protected\controllers\ProductController.php(20): CDbCommand->queryAll()
#2 C:\xampp\htdocs\learn-yii_framework_1.1\framework\web\actions\CInlineAction.php(49): ProductController->actionIndex()
#3 C:\xampp\htdocs\learn-yii_framework_1.1\framework\web\CController.php(308): CInlineAction->runWithParams(Array)
#4 C:\xampp\htdocs\learn-yii_framework_1.1\framework\web\CController.php(286): CController->runAction(Object(CInlineAction))
#5 C:\xampp\htdocs\learn-yii_framework_1.1\framework\web\CController.php(265): CController->runActionWithFilters(Object(CInlineAction), Array)
#6 C:\xampp\htdocs\learn-yii_framework_1.1\framework\web\CWebApplication.php(282): CController->run('')
#7 C:\xampp\htdocs\learn-yii_framework_1.1\framework\web\CWebApplication.php(141): CWebApplication->runController('product')
#8 C:\xampp\htdocs\learn-yii_framework_1.1\framework\base\CApplication.php(185): CWebApplication->processRequest()
#9 C:\xampp\htdocs\learn-yii_framework_1.1\index.php(13): CApplication->run()
#10 {main}
REQUEST_URI=/learn-yii_framework_1.1/index.php/product/
---
2024/03/16 16:54:04 [error] [system.db.CDbCommand] CDbCommand::fetchAll() failed: SQLSTATE[42000]: Syntax error or access violation: 1064 You have an error in your SQL syntax; check the manual that corresponds to your MariaDB server version for the right syntax to use near 'FROM products inner join categories
                     on products.categor...' at line 7. The SQL statement executed was: SELECT products.id,
                       products.name,
                       products.price,
                       products.qty,
                       products.description,
                       categories.name,
                     FROM products inner join categories
                     on products.category_id = categories.id.
in C:\xampp\htdocs\learn-yii_framework_1.1\protected\controllers\ProductController.php (20)
in C:\xampp\htdocs\learn-yii_framework_1.1\index.php (13)
2024/03/16 16:54:04 [error] [exception.CDbException] CDbException: CDbCommand failed to execute the SQL statement: SQLSTATE[42000]: Syntax error or access violation: 1064 You have an error in your SQL syntax; check the manual that corresponds to your MariaDB server version for the right syntax to use near 'FROM products inner join categories
                     on products.categor...' at line 7. The SQL statement executed was: SELECT products.id,
                       products.name,
                       products.price,
                       products.qty,
                       products.description,
                       categories.name,
                     FROM products inner join categories
                     on products.category_id = categories.id in C:\xampp\htdocs\learn-yii_framework_1.1\framework\db\CDbCommand.php:543
Stack trace:
#0 C:\xampp\htdocs\learn-yii_framework_1.1\framework\db\CDbCommand.php(396): CDbCommand->queryInternal('fetchAll', Array, Array)
#1 C:\xampp\htdocs\learn-yii_framework_1.1\protected\controllers\ProductController.php(20): CDbCommand->queryAll()
#2 C:\xampp\htdocs\learn-yii_framework_1.1\framework\web\actions\CInlineAction.php(49): ProductController->actionIndex()
#3 C:\xampp\htdocs\learn-yii_framework_1.1\framework\web\CController.php(308): CInlineAction->runWithParams(Array)
#4 C:\xampp\htdocs\learn-yii_framework_1.1\framework\web\CController.php(286): CController->runAction(Object(CInlineAction))
#5 C:\xampp\htdocs\learn-yii_framework_1.1\framework\web\CController.php(265): CController->runActionWithFilters(Object(CInlineAction), Array)
#6 C:\xampp\htdocs\learn-yii_framework_1.1\framework\web\CWebApplication.php(282): CController->run('')
#7 C:\xampp\htdocs\learn-yii_framework_1.1\framework\web\CWebApplication.php(141): CWebApplication->runController('product')
#8 C:\xampp\htdocs\learn-yii_framework_1.1\framework\base\CApplication.php(185): CWebApplication->processRequest()
#9 C:\xampp\htdocs\learn-yii_framework_1.1\index.php(13): CApplication->run()
#10 {main}
REQUEST_URI=/learn-yii_framework_1.1/index.php/product/
---
